<?xml version="1.0" encoding="UTF-8"?>
<testsuite name="SheepTests" tests="1" skipped="0" failures="0" errors="0" timestamp="2023-09-18T18:05:03" hostname="LAPTOP-LJR4210L" time="0.003">
  <properties/>
  <testcase name="testSolution" classname="SheepTests" time="0.003"/>
  <system-out><![CDATA[]]></system-out>
  <system-err><![CDATA[]]></system-err>
</testsuite>
